

***********************************************************************
Fatal NI connect error 12547, connecting to:
 (DESCRIPTION=(ADDRESS=(PROTOCOL=beq)(PROGRAM=/u01/app/oracle/product/11.1.0/db_1/bin/oracle)(ARGV0=oracleADQ)(ARGS='(DESCRIPTION=(LOCAL=YES)(ADDRESS=(PROTOCOL=beq)))')(DETACH=NO))(CONNECT_DATA=(CID=(PROGRAM=httpd@csdb06)(HOST=csdb06)(USER=prod))))

  VERSION INFORMATION:
	TNS for Linux: Version 10.2.0.3.0 - Production
	Oracle Bequeath NT Protocol Adapter for Linux: Version 10.2.0.3.0 - Production
	TCP/IP NT Protocol Adapter for Linux: Version 10.2.0.3.0 - Production
  Time: 03-SEP-2012 03:18:09
  Tracing not turned on.
  Tns error struct:
    ns main err code: 12547
    TNS-12547: TNS:lost contact
    ns secondary err code: 12560
    nt main err code: 517
    TNS-00517: Lost contact
    nt secondary err code: 32


***********************************************************************
Fatal NI connect error 12514, connecting to:
 (DESCRIPTION=(CONNECT_DATA=(SERVICE_NAME=10.0.8.246)(CID=(PROGRAM=httpd@csdb06)(HOST=csdb06)(USER=prod)))(ADDRESS=(PROTOCOL=TCP)(HOST=10.0.8.246)(PORT=1521)))

  VERSION INFORMATION:
	TNS for Linux: Version 10.2.0.3.0 - Production
	TCP/IP NT Protocol Adapter for Linux: Version 10.2.0.3.0 - Production
  Time: 03-SEP-2012 03:19:44
  Tracing not turned on.
  Tns error struct:
    ns main err code: 12564
    TNS-12564: TNS:connection refused
    ns secondary err code: 0
    nt main err code: 0
    nt secondary err code: 0
